mdbx file path /Users/z/rmw/mdbx/target/debug/examples/02.mdb

u16::from_le_bytes(Bin([4, 5])) = 1284

-- loop test1
[2] = [3]
[2, 3] = [4, 5]
[8, 1] = [9]
[9] = [10, 12]
[97, 98, 99] = [48, 49, 50]
[114, 109, 119, 46, 108, 105, 110, 107] = [68, 111, 119, 110, 32, 119, 105, 116, 104, 32, 68, 97, 116, 97, 32, 72, 101, 103, 101, 109, 111, 110, 121]
[examples/02.rs:57] test1.del_val([8, 1], [3])? = false
[examples/02.rs:58] test1.get([8, 1])?.unwrap() = Bin(
    [
        9,
    ],
)
[examples/02.rs:59] test1.del_val([8, 1], [9])? = true
[examples/02.rs:60] test1.get([8, 1])? = None
[examples/02.rs:62] test1.del([9])? = true
[examples/02.rs:63] test1.get([9])? = None
[examples/02.rs:64] test1.del([9])? = false

-- loop test2
abc = 012
rmw.link = Down with Data Hegemony

-- loop test3
0 = 6
10 = 5
13 = 32
16 = 32
-15 = 6
-12 = 6
-10 = 6
[examples/02.rs:100] test4.del_val(0, 2)? = true
[examples/02.rs:101] test4.del_val(0, 2)? = false

-- loop test4 rev
16 = 3
16 = 2
16 = 1
13 = 32
10 = 5
10 = 0
0 = 6
dup(16) 1
dup(16) 2
dup(16) 3
